[ILUG] STOP THE MLM INSANITY,spam
Real Protection Stun Guns!  Free Shipping! Time:2:01:35 PM,spam
New Improved Fat Burners Now With TV Fat Absorbers! Time:6:25:49 PM,spam
New Improved Fat Burners Now With TV Fat Absorbers! Time:7:20:54 AM,spam
Never Repay Cash Grants $500 - $50000 Secret Revealed!,spam
٦b20%HΥd`??? Time:PM 05:36:34,spam
New Product Announcement,spam
FW:,spam
[SA] URGENT HELP..............,spam
Hello !,spam
Finally   collecct   your   judgment (71733),spam
Gain Major Cash,spam
The Stock has "wow" factor,spam
Spectrum Invites You With Open Arms                         25336,spam
Get Out of Debt Fast                          12244,spam
Weight Loss Secrets Of Doctors And Famous Stars!!.....,spam
Cut Your Monthly Payments By 50% 21405,spam
Fw: This is the solution I mentioned            LSC,spam
Fire The Creep You Call Your Boss!!                26583,spam
Rates DROPPED! Refinancing your house can SAVE you big dollars!,spam
Spend Too Much On Your Phone Bill?                 25711,spam
Amazing Travel Deals. Take A look!,spam
discounted mortgage broker 512517,spam
Get Paid For What You Know                         18436,spam
Looking For Extra Cash?                         23719,spam
*THE LEGAL CABLE TV DESCRAMBLER*,spam
looking 4 real fun 211075433222,spam
Your Membership Exchange Issue #422,spam
The Hottest Business In America is Open..Everyone Welcome,spam
READ---SHIPPING INSTRUTIONS--FOR YOUR ORDER,spam
You Won The First Round! claim#	9462               27747,spam
Double Your Life Insurance at NO EXTRA COST! 29155,spam
Inside the biker world,spam
THE BIBLE ON CD-ROM ..1948,spam
Something EVERY Business Needs! [6ywab],spam
Something EVERY Business Needs! [wxv4m],spam
Urgent business proposal,spam
Making Serious Money Has Never Been This Easy! [jodra],spam
Real Money Maker for Real!,spam
Have You Never Been Mellow?,spam
Home loans of all types!,spam
FW:,spam
Get started!,spam
Your Membership Exchange,spam
Re: Advertise to 28000000 for FREE...,spam
Do you Remember Me?,spam
I Can't Wait Anymore!,spam
Email Marketing Works,spam
Email Marketing Works,spam
Notice,spam
Your Membership Community & Commentary 06-29-01,spam
re: Now Save 70% On Your Life Insur ance - Free Custom Quote 29658,spam
Software to rebuild your credit,spam
.BIZ  .INFO domain extensions,spam
re. 6.29% Fixed Rate - Free Instant Quote 30127,spam
Prescriptions Without Doctors Appointment..........,spam
See the VIDEO Britney Wants BANNED!,spam
It's real important that you call...,spam
Incredible Cash Generating System!!!,spam
Strong Annual Returns Guaranteed and Fully Secured 25780,spam
,spam
Just Do It!,spam
Incredible Cash Generating System!!!,spam
Do you owe money? [1njps],spam
Do you owe money? [ovn610],spam
Reunion!,spam
Remember me???,spam
Earn $300-$1000 A Week From Your Home!............,spam
New  Accounts #2C6E,spam
Free money from the government!,spam
Get Out of Debt Fast                         29521,spam
Get the BEST Rate On a Home Loan!,spam
Here's Your Chance...,spam
PLEASURE YOUR WOMEN FOR HOURS WITH VIAGRA 6269,spam
YOUR BIBLE ANSWERS ON CD-ROM ..4658,spam
pmgeiser@datacomm.ch,spam
Your Membership Community & Commentary 07-06-01,spam
Reach millions on the internet!!,spam
Reach millions on the internet!!,spam
Why not try?                                      . aknmq,spam
Your Membership Community & Commentary 07-27-01,spam
windows tips,spam
Cd Rom 2000 How To Books,spam
Increase Sales Accept Credit Cards! [6fqtt],spam
Visa ~ MasterCard ~ American Express ~ Etc. [6gho10],spam
Visa ~ MasterCard ~ American Express ~ Etc. [ll4k4],spam
Get Hundreds Of Fresh Leads via email !!!,spam
BIZZ OPP & FREE Vacation                         3867,spam
Hey look at this I can't believe how cheap this is...,spam
Incredible $1000 COMMISSION per Single $0 down SALE! [ztpxx],spam
Don't be dumb*!,spam
windows tips,spam
Do you owe the IRS money? [p5fi3],spam
windows tips,spam
5000 OPT-IN Email Messages ONLY $324.99,spam
E-Business                                         [c2971],spam
E-Business                                         [jdnhd],spam
,spam
100% Risk-FREE Way To Explosive Profits !,spam
Fwd: Accepting Credit Cards (Faq) [suhdn],spam
Fwd: Accepting Credit Cards (Faq) [g1010pn],spam
WE PAY CASH NOW!,spam
All Satellite Channels Free !!                     712,spam
A brand new  opportunity to work from home! -lrmjq,spam
Home Loans Just Got Better!,spam
Major Stock Play,spam
Custom sites or site redesigns $399,spam
Major Stock Play,spam
Want help with your debt? [aiqjz],spam
Do you have enough money for all your bills? [qmpyq],spam
Looking for Actors Models Singers and Dancers!!,spam
99 Million Email Addresses - $99,spam
Viagra Online Now!!                         22560,spam
YOU TO CAN MAKE---THOUSANDS PER WEEK----RUNNING YOUR OWN  FREE WEB BUSINESS,spam
RE:More info/grant money,spam
Expand Your Business! [wz6lo],spam
Your Membership Exchange #441,spam
Viagra Online Now!!                         219,spam
Be Your Own Boss!!                         13986,spam
Rates Have Fallen Again!  6.29% Fixed Rate Mortgage 9879,spam
Be Your Own Boss!!                         32140,spam
Your Membership Community & Commentary 08-03-01,spam
All Satellite Channels Free !!                     27886,spam
All Satellite Channels Free !!                     18441,spam
ADV: RATES HAVE DROPPED -- FREE MORTGAGE RATE QUOTE nttvo,spam
RE: Information that you have requested 19275,spam
Huge Profits/Prepaid In Advance/Secret Tool 7531,spam
Expand Your Business! [lzgsy],spam
Register to win your Dream Vacation 22354,spam
EASY CREDIT REPAIR SOFTWARE IS HERE!!!             11294,spam
EASY CREDIT REPAIR SOFTWARE IS HERE!!!             11781,spam
Have Tax Problems? [rjgu10],spam
High-end custom websites $399 complete!,spam
ADV: Great Casino Great Payouts Great Fun from your own home! 559928,spam
Is the stock market roller coaster making you worried,spam
Join the fight to quality.  Make 36 Annually secured,spam
,spam
legal advice,spam
HELP BRING THE OCEANS TO OUR CLASSROOMS,spam
All Your Life #4C55,spam
Foreign Currency Trading Report,spam
Free Foreign Currency Newsletter,spam
Foreign Currency Trading Report,spam
Eliminate Debt~No Bankrputcy!,spam
Your Membership Exchange #442,spam
,spam
85% APPROVAL RATE pcptu,spam
Prescriptions Without Doctors Appointment!!,spam
add logos and tones to your cell phone 1575332211111,spam
discounted motgages 371812976544333222,spam
discounted motgages 4924161298765444333,spam
discounted motgages 4924161298765444333,spam
cell phone ring tones 84221111000000,spam
nokia cell users 24128644332,spam
Internet Connectivity that beats the prices & Quality of the Big Boys!,spam
xxx site passwords 432114108765443333222222,spam
pay less interest 3015107654,spam
Your Agent in Saudi Arabia.,spam
$$$$$$For your satellite system$$$$$$ 5283AxpG9-556bGRi3709D-21,spam
$$$$$$For your satellite system$$$$$$ 2467SzaW6-857eRkG8484hNWz3-33-27,spam
great rates for bad credit 33161186544333222,spam
Software that helps you remove negative credit items (0766aExl8-42@11),spam
****Already own a satellite?  Need a programmed card?****,spam
Sun Hardware 50% off list price,spam
free satellite,spam
Join Focus Groups to earn money,spam
more site sales 5427181310976654443333322,spam
Porn P.O.: Your 10 free pictures are here!,spam
Undeliverable: Home Based Business for Grownups,spam
Press Release,spam
Cheap FLAT RATE InState USA Worldwide Calling,spam
Proposal for cooperation,spam
Thank You So Much 126432211111,spam
Traderlist.com being shut down due to FRAUD!,spam
Brand Name Product Business,spam
Let the TBA Doctor Save Your Tough Cases,spam
Be First...It"s Your Turn...Don't Miss Out! nox,spam
ADV: Low Cost Life Insurance -- FREE Quote wzwjt,spam
urgent and confidential business proposal,spam
Welcome to www.internationafreecall.com,spam
Welcome to www.internationafreecall.com,spam
[Avfs] D.C. MOTOR,spam
Your First 100 Free Minutes of Long Distance! Your First 100 Free,spam
Your First 100 Free Minutes of Long Distance! Your First 100 Free,spam
Your First 100 Free Minutes of Long Distance! Your First 100 Free,spam
Re: Your Opportunity at http://iiu.taint.org/pipermail/iiu/2000-November/000644.html,spam
Re: Your Opportunity at http://iiu.taint.org/pipermail/iiu/2000-November/000608.html,spam
Your First 100 Free Minutes of Long Distance! Your First 100 Free,spam
Your First 100 Free Minutes of Long Distance! Your First 100 Free,spam
Your First 100 Free Minutes of Long Distance! Your First 100 Free,spam
Time Travelers PLEASE HELP!!!,spam
MY PLEA FOR ASSISTANCE PLEASE,spam
BUSINESS ASSISTANCE,spam
BUSINESS ASSISTANCE,spam
Movie Project,spam
How Does Unlimited Free Calling Work?,spam
How Does Unlimited Free Calling Work?,spam
How Does Unlimited Free Calling Work?,spam
The Hotel Show,spam
Votre maintenance Informatique,spam
A Unique Dual Income Opportunity,spam
Your approval is needed,spam
Your approval is needed,spam
[Avfs] Romanian Software Production & Export,spam
Is Neotropin right for you?,spam
Hi-Mind:Opt-in referencement,spam
Le dernier sondage avant les lections presidentielles 2002 !,spam
Save you up to 70% on toner cartridges Inkjet cartridges and Ribbons!!!2,spam
,spam
ADV: Payment processing - 8% flat fee,spam
ADV: Search Engine Placement,spam
ADV: Search Engine Registration,spam
You cannot do that!,spam
Re: Need Help with your bills... [t4are],spam
good mtv wmE239PgyETfr9P4nvyEWKJCEkWH,spam
nice foto YOHvTp2KSxRjQIzJXdHxkRTfBjhO,spam
tell you a great new K26kT5buE4AdbAD2c,spam
Hi Joseph here is my personal information you wanted P,spam
super news FeW62dODaBGHzD5oW,spam
good friend nUYiIFa3s19FyqZIEEC3lLvT,spam
please see thanks aFTkNqJnKdMfZNDBHkLgjixDM2Z,spam
please see see kmuNnWq6p12tdpvINWVAGy,spam
good news t4hvHyeSgJoP4DZQbVILLg,spam
from heaven xB8COL5jqAf1adREAm,spam
to  the  heaven gjOQ1LUGEh3axIEp2anbbYD,spam
Asian Lesbo Sluts!                   22337,spam
When Size DOES Matter you know where to go. -->,spam
make love tonight =?GB2312?B?w8DFrs28xqw=?=,spam
Want more money? [farea],spam
Make this investigator work for you.,spam
yyyyHGH Liquid!  Lose Weight...Gain Muscle...Affordable Youth!,spam
Production Mini-plants in mobile containers. Co-investment Program,spam
6% AVG Guaranteed for 5 Years,spam
Joke-Of -The- Day,spam
discreet penis enlargement 4623,spam
EMAIL LIST - 100 MILLION ADDRESSES $79,spam
RUIN ANYONE ANYWHERE ANYTHING,spam
URGENT BUSINESS ASSISTANCE,spam
PARTNERSHIP REQUEST,spam
marketing news: the latest way to grow your business 572819,spam
forkYour HGH Request!,spam
$500 1st Annuity Sale Bonus,spam
Re: Appointment Setting,spam
An Invitation from Lisa@freightmart.com,spam
(no subject),spam
make love tonight =?GB2312?B?w8DFrs28xqw=?=,spam
ADV: Extended Auto Warranty -- even older cars... xwczh,spam
eBay How To Secure Your Financial Future And Increase Your Income                     23827,spam
World's Biggest C*O*C*K*S....                ZEBPJ,spam
ALL NATURAL Viagra Alternative!,spam
E-Market Today! Get your advertising Boost!13474,spam
NEW Pot Substitute!,spam
Re: We Pay your bills :o) [w1ypq],spam
Work at Home and Make GREAT MONEY!!!32286,spam
merchant info 3115107654333222221111,spam
Free InsBuyer.com Agency Listing,spam
Reach Prospects Competitors Miss,spam
=?gb2312?q?=C6=FB=B3=B5=A1=A2=BD=BB=CD=A8=D0=D0=D2=B5MBA_?=,spam
=?gb2312?q?=C6=FB=B3=B5=A1=A2=BD=BB=CD=A8=D0=D0=D2=B5MBA_?=,spam
Brighten Those Teeth,spam
Grow Your Business,spam
Get Your American Green Card - Now Online,spam
Your Own Desk Top Investigator,spam
Mortgage for even the worst credit                  ZWZM,spam
Hi Janet are you going to call me?                     FQXWEE,spam
Important,spam
Important,spam
Insurance Quote Site,spam
Family health care - $49/month - Everyone qualifies,spam
Get big money at this Casino site,spam
Help Your Body Regain Strength!! drsjc,spam
ADV: Legal services for pennies a day! ljnhz,spam
ADV: It will be too late soon... hmlpy,spam
Complete Online Pharmacy with same day shipping,spam
Relief for all skin disorders,spam
=?gb2312?q?_=B4=F2=D4=ECMBA?=,spam
Production Mini-plants in mobile containers. Co-investment Program,spam
[ILUG-Social] RE: Take The Steps To Wealth For $25.  Do It NOW 26138654332222,spam
Production Mini-plants in mobile containers. Co-investment Program,spam
Wishing you a wonderful day,spam
Natural Breast Enhancement,spam
Your Family Needs You,spam
Attract Women and Men                 LRY,spam
Z-app Your Term Life Business,spam
Hi Janet are you going to call me?                     LOWVW,spam
It will work for you,spam
Traditional & Internet Marketing Tool,spam
[ILUG-Social] NEED MORE INTERNET EXPOSURE OR LEADS/  THEN GO WITH E-MAIL MARKETING WE GIVE YOU A FREE MILLION p0ol,spam
This is where it all begins,spam
ADV: Extended Auto Warranty -- even older cars... czztb,spam
Consolidate high interest credit card debt.                    hfnvm,spam
Prescription Weight-Loss and Viagra 0753HhEu3-434-12 8172lhaj7-492oGRO-16,spam
Polariod Digital Cameras Only $39.95,spam
,spam
don't Pay another monthly Bill until you read thisDGSRW,spam
Upside Only Treasury-Linked Annuity,spam
watch over 290 GB full length movies here           QIIH,spam
JOIN ME IN MAKING  3 - 7 GRAND per DAY? 968-3,spam
Hi Jack Here is my home phone number           JWCTGFF,spam
do you need a lot of new customers? 5326171310876554443333,spam
If You Own A Cell Phone......Please Read..... 5214,spam
Blossom breast enhancement,spam
ADV: Low Cost Life Insurance -- FREE Quote pnmkf,spam
Rape!!.,spam
yyyyDo You Know the HGH Differences ?,spam
ADV: Search Engine Placement,spam
Poor Credit? Get a Mortgage NOW                     XK,spam
Offer Your Clients 11.19%,spam
Wow...what a program!,spam
Reading to Children has proven to increase their vocabulary OBUM,spam
Financial Freedom That You Deserve...,spam
HGH Liquid!  Lose Weight...Gain Muscle...Affordable Youth!,spam
Now anyone can get a merchant accountBBHNQGHU,spam
http://www.efi.ie,spam
Too many credit card bills! - this fixes that!,spam
New ccTLD! Get yyyyason.us Before Someone Else Does!,spam
Lose Inches and Look Great This Summer!,spam
Lowest possible interest rate for you--GUARANTEED.,spam
The power of Email Marketing,spam
Fwd: next Tuesday at 9am,spam
MEN & WOMEN SPRUCE UP YOUR SEX LIFE!             GDOZ,spam
Keep Your Home Safe,spam
Hi Kathy are you and your friend coming over?                   A,spam
New Improved Weight Loss Now With Bonus Fat Absorbers! Time:11:27:42 PM,spam
9.05% Guaranteed Annuity @ 8% Commission,spam
yyyyDo You Know the HGH Differences ?,spam
Got Leads?,spam
Refinancing Second Mortgage Home Improvement                    0,spam
Save 5.00 on Creamfields tickets,spam
new domain extensions are now affordable,spam
Business opportunity!,spam
18cent long distance conference calls,spam
#1 SEXUAL PERFORMANCE FORMULA              O,spam
Special Investor update.,spam
What is EMC Stock to Cash?,spam
Free info.  Start your Own Internet Consulting Business NTSJ,spam
Congrats!  Here are your 2 Free Airline Tickets,spam
Re: We Pay your bills :o) [k9lej],spam
Call me                    16540,spam
Call me                    95508,spam
Call me                    08568,spam
Call me                    37661,spam
Call me                    93910,spam
Call me                    34472,spam
get a merchant acount 5226171310,spam
[dcms-dev] MY INHERITANCE,spam
*You CAN have the best MORTGAGE rate*             21570,spam
Male & Female Celebs...Nude!                     23101,spam
Earn 6 figures in 90 days No Cost Information,spam
RE: 6.25 30 YR Fixed Home Loan No Points flu,spam
6% Commission on 12 Month "CD-Style" Annuity,spam
Re: Account Information,spam
An Invitation to Advertise on Freightmart!,spam
FINANCIAL FREEDOM,spam
Call me                    05152,spam
Grow Biologically Younger NOW ...5918899,spam
bank inheritance,spam
Top Quality Web Hosting - CHEAP!,spam
REQUEST,spam
Jm be your own private eye,spam
Stay at Home Business-24 hr Support!,spam
Legal advice for only pennies,spam
Eliminate Back Taxes Forever! ybf,spam
Joke of the Day!,spam
Jump start desire in both men and women 7893vBvF1-278ZKCc8-17,spam
Got a Mortgage? 6.25 30 yr Fixed Free Instant Quote djf,spam
Free money,spam
Engineers can't sell !!,spam
Hit the Hotspots,spam
Hi Erin are we going to do it again tonight?H,spam
I don't work...but I have a ton of money! vhcw,spam
Men-Get Hard - Stay Hard!! 8454,spam
An Untapped Market = An Easy Sale,spam
Swiss Iinternet account with ATM card,spam
You Won $30 Dollars !,spam
Let Us Search For You-Refinance Now 2386BJsE0-561WVnn9l17,spam
A Money Making Home Business for You...,spam
Congrats!  Here are your 2 Free Airline Tickets,spam
Oh No! My Printer Died!,spam
About Your Commissions...,spam
Secretly Record all internet activity on any computer... BV,spam
"Great FREE Offers!" naaqd,spam
Lowest mortgage loan rates                     VKP,spam
Attract Women and Men               NFT,spam
Start now look great this spring,spam
Re:                  RFTMBSWFN,spam
yyyyIt's proven - it works,spam
cc Prevents diesel fuel gelling 3750r-5,spam
ADV: Life Insurance - Pennies a day! -- FREE Quote inbeq,spam
DONYA Photo's                         23758,spam
judicial judgments-child support                       LM,spam
MCLE Seminars,spam
ADV: Extended Auto Warranty -- even older cars... nhaxn,spam
ADV: Affordable Life Insurance ddbfk,spam
ADV:Harvest lots of Target Email address quickly,spam
Free Sizzling LTC Sales Materials,spam
Re: We Pay your bills :o) [fr53h],spam
Online Doc can give you a prescription.,spam
Look 10 Years Younger-FREE SAMPLE !!!!!!!! esoy,spam
hello,spam
digital voice recorders,spam
hello,spam
HELLO $NAME,spam
Email & Fax Directory $99.95 100 million email addresses,spam
Fix your credit... Online.,spam
WHAT HAPPENED TO YOU??? -       982244611,spam
$500000 Life Policy $9.50 per month. vyw,spam
Candidate update 21.05.02,spam
FREE ALL NATURAL SEXUAL STIMULANT!,spam
=?iso-8859-1?Q?Fw:_CD_Nua_do_dhamhsa=ED_Ch=E9il=ED?=,spam
Great Idea for You byrdshot,spam
Swiss Iinternet account with ATM card,spam
please help new webcam/ modeling page,spam
want to accept credit cards? 126432211,spam
Feel The Power!,spam
BIZ .INFO .COM for only $14.95,spam
Turn $5 into $20k- ( Pay Pal ) vdbs,spam
6.25 30 yr fixed. No points No Fees ojd,spam
Secretly Record all internet activity on any computer... TAF,spam
Government Guarantees Your Success,spam
Hey!,spam
Feel greatlook super this summer,spam
3 Locations Free:OrlandoLas VegasFt Laud.,spam
Almost-Guaranteed Issue Term,spam
Attention  Instant Internet Business 1848qgMTl8,spam
6.25 30 yr fixed. No points No Fees gdu,spam
Hey!,spam
Save On Your Insurance,spam
Saw your resume. . . .,spam
Iraq is next,spam
ADV: Life Insurance - Pennies a day! -- FREE Quote djdam,spam
Super credit repair program.,spam
3D Motion Capture,spam
3D Motion Capture,spam
Minimize your phone expenses,spam
Roth conversions = jumbo annuity sale,spam
breaking news: e-mail & fax marketing works,spam
Clear Up Your Credit Online,spam
BULKER CD! BULKER CD!,spam
Helpful Septic Tank Information 1111BUho3-485kzvl3295UeXZ5-901JGl30,spam
Mortgage Rates are Still Low...but Act SOON,spam
Sorry they were in a meeting,spam
Brad Pitt Caught Naked With Wife!                 27283,spam
Let Insurance Companies Compete For Your Policy. $6.50 per month rbz,spam
Herbal Viagra 30 day trial...,spam
Got Cash? If Not You Will! 7909AENW6-308hrpj0402jbd-23,spam
Banner Life Upgraded to A++,spam
ADV: Low Cost Life Insurance -- FREE Quote aaqnf,spam
6 Figures from homeBCUTP,spam
Your guide to a new job,spam
yyyyDo You Know the HGH Differences ?,spam
Pass-through publications are here,spam
Younger and healthier with ULTIMATE-hGH17283,spam
RE: 6.25 30 YR Fixed Home Loan No Points ucq,spam
ADV: Life Insurance - Pennies a day! -- FREE Quote cmgpk,spam
Get into that summer look,spam
Top  Seed #574A,spam
Double Coverage Amount Same Payment...                  UYZ,spam
100 Lazy People Wanted! ilob,spam
Financial Opportunity [eew58],spam
FW:> Men & Women Add a little spice to your life! FEHK,spam
Phentermine & Viagra Here,spam
Lose Inches & Pounds With Powerful HGH Product!!,spam
Is the size rite?,spam
new extensions now only $14.95,spam
rr Credit problems guaranteed results 3606dBgC0-821K-13,spam
Free Prospects...by the millions!,spam
Easy as 123 - Accept Credit Cards...,spam
PROTECT YOUR FAMILY'S FUTURE and Save up to 70%,spam
A Free Sample and Tape for You dwgxb,spam
Un mois de maintenance informatique OFFERT,spam
Let's Go Get Stoned,spam
Tired Of Your High Mortgage Rate - REFINANCE TODAY.,spam
ADV Oil and Gas Investment tgym,spam
Can men live like kings in their own home?,spam
$500000 Life Policy $9.50 per month. vyw,spam
Why pay more for something if you don't have to?,spam
Re: Account Information,spam
Minimize your phone expenses,spam
Lose 20 Pounds In 10 Days                  27540,spam
Feeling Exposed?,spam
ADV: Extended Auto Warranty -- even older cars... whnyf,spam
Herbal Viagra 30 day trial...              ONCXBV,spam
Question From Patrick In Ireland,spam
Home Loan Alert 6.25 30 YR Fixed hzo,spam
6 Figures from homeYLWLNMAN,spam
Do you need a second MORTGAGE?                    26828,spam
This Stock Rumored to FLY,spam
Gas Prices To High We can Help 6302ldl6,spam
The product they dont want you to have...,spam
Free to Join!,spam
Financial Opportunity [6bftc],spam
70 percent off your life insurance   get a free quote instantly.,spam
Learn How To Make $8000 within 7-14 days! 3341iYjl5-964K-13,spam
your registration,spam
Fill a Room with 300 People,spam
business news: a marketing product to make all others obsolete 21107543,spam
Are your loved ones provided for?...            TSOOB,spam
best mortgage rate              GZRHTKJ,spam
,spam
,spam
You Are Approved!!! (158545),spam
More than 100000 U.S. Jobs Available,spam
Your Online Prescription Source               I,spam
Looking for a second MORTGAGE?               11925,spam
Info you  requested                    KCC,spam
17 mln US Businesses on CD ++,spam
17 mln US Businesses on CD ++,spam
adv: Put your resume back to work,spam
yyyyHelp 4 Health Newsletter,spam
Close 90% of Your Prospects,spam
Turn Your PayPal account into a Non-Stop Cash Machine!! (Not a chain letter),spam
You Are Approved!!! (556486),spam
Improved Health                  JBTFCZ,spam
A youthful and slim summer in 2002,spam
You can gain from lowest interest rates in 30 years,spam
credit processing is easy 189,spam
Bad Nicknames for Her Vagina.. #9. Black Hole Of Calcutta,spam
Ireland's first great World Cup result,spam
FREE ADULT DVD!!! 9We-hbi,spam
FREE Travel package and Business Kit...,spam
* You CAN have the best MORTGAGE rate *           10469,spam
Spend less gas per mile on your car this Summer...,spam
ADV: FREE Mortgage Rate Quote - Save THOUSANDS! kplxl,spam
yyyyFREE 4 Week Sample of HGH !,spam
A Unique Dual Income Opportunity,spam
The only medically proven way to lose weight... DHF84Z8F,spam
SWEET SMELL OF SUCCESS,spam
eBay ordering8932,spam
This is the final test of a,spam
This investment could save your life24607,spam
Low Cost High Rated Insurance. Why Pay More?,spam
."ANNOUNCING" Legal Services for Just Pennies A Day!........,spam
I could be JAILED for selling this CD!,spam
Freedom - $1021320.00 per year.,spam
The instant drugstore 6537DW-6,spam
#$ Highly Targeted Email List!,spam
best mortgage rate                      VJD,spam
Refinance or MortgageFKZQELJHYNO,spam
Secretly Record all internet activity on any computer... C,spam
Free LTCI Policy Comparison Software,spam
ADV: Life Insurance - Pennies a day! -- FREE Quote dxyxi,spam
Toners and inkjet cartridges for less             DFI,spam
Start now look great this summer,spam
ADV: Harvest lots of Target Email addresses quickly/,spam
Two Weeks To $3500 Cash...,spam
An Information,spam
An Information,spam
RE: MEN & WOMEN MAKE BETTER WHOOPEE!            23967,spam
Got a Mortgage? 6.25 30 yr Fixed Free Instant Quote yuf,spam
ADV: Legal services for pennies a day! eolnt,spam
Request For Transfer Assistance,spam
Fw: Want to Save yourself a trip to the store? 17579,spam
(no subject),spam
<adv:ce>Win a Green Card and Become a U.S Citizen!,spam
yyyyWish you looked and felt younger -HGH,spam
RE: Approved for $5000,spam
Prepare to save gas driving this Summer,spam
Do it now  you'll be hot this summer,spam
new extensions now only $14.95,spam
Watch all the channels you want. !!VURPW,spam
3 Year Annuity...5% Guaranteed Rate,spam
Blessing People,spam
Blessing People,spam
Secretly Record all internet activity on any computer... BFL,spam
I have visited IIU.TAINT.ORG and noticed that ...,spam
http://iiu.taint.org,spam
Personal Alcohol Detector,spam
Got Cash?                                                   [mparu],spam
Re: Your Order,spam
Quelqu'un t'aime en secret,spam
STOP THE MLM INSANITY!,spam
NO SET-UP OR APPLICATION FEE ncify,spam
NO SET-UP OR APPLICATION FEE ncify,spam
Good or Bad Credit Merchant Account ayaxa,spam
Direct Email Blaster Email extractor email downloader email verify ...........,spam
Direct Email Blaster Email extractor email downloader email verify ...........,spam
Do You Owe Back Taxes? obd,spam
ADV: MCLE Seminars,spam
You Need Full Disclosure!,spam
DO YOU WANT TO: Lose Fat Gain Muscle Increase Energy Level?30028,spam
$500000 Life Policy $9.50 per month. vyw,spam
Crystal Clear Conference Calls,spam
Cheap Viagra,spam
(---) ̸ḮƮ 500   Աȸ 帳ϴ                                 1735jSOB8-522qsvT41-18,spam
18cent long distance conference calls,spam
Judicial Judgements-Child Support                  BGS,spam
RE: Reduce Your Home Loan Payment $500 per Month No Closing Costs nbd,spam
Cash in on your home equity,spam
FW: Look and Feel 10-20 years younger             CAU,spam
Don't get ripped off!  Things to watch out for:,spam
Protect Your Computer With Norton Systemworks 2002,spam
Increase your penis size 25% in 2 weeks!,spam
ADV: Search Engine Placement,spam
Earn 20 times your peers,spam
Highest Concentration of Pure Human Pheromone            OVDKSPCR,spam
I could be JAILED for selling this CD!,spam
You Are Approved For Your Loan!!!   Approval No. (1848025),spam
Use the Web to conduct your meetings,spam
Internet Columbo is getting on your case.,spam
.* Mortgage Approved!*,spam
Record Low MORTGAGE rates! *Act Now*                    16533,spam
Online credit repair.Do it yourself.                 19186,spam
Pay nothing for your conference calls!,spam
Stop creditors in their tracks           10891,spam
Need a Lawyer?,spam
A CRY FOR HELP,spam
URGENT HELP,spam
Free Step-By-Step Seminar Presentation,spam
Feeling fat?,spam
asap,spam
asap,spam
Re: Education Opportunity we spoke about                        GF,spam
Online Approval for $5000 Now,spam
Real Doctors Real Science Real ResultsIPZC,spam
Found your resume . . . . .,spam
There is a Genuine Log Home in YOUR Future...,spam
Get The BEST PRICE on Your Next CAR!,spam
best home mortgage rate             MOFJN,spam
Septic tank care. (Free Trail)COKXWEJ,spam
6.25 30 yr fixed. No points No Fees ngw,spam
the CREDIT LAW is on your side JM ! Get PERFECT CREDIT NOW!,spam
Our magazine promotion,spam
ADV: Low Cost Life Insurance -- FREE Quote amyns,spam
BANNED CD! BANNED CD!,spam
ADV: Legal Services YOU can Afford ilywe,spam
We Pay You $800 Weekly_Guaranteed27147,spam
let me help you,spam
Ground breaking post card creates annuity leads,spam
ADV: Extended Auto Warranty -- even older cars... pobiv,spam
Legal identification,spam
Men & Women Spruce up your sex life!                EWFXV,spam
Your Application #623B,spam
RE: YOUR financial SECURITY !    High PRIORITY !,spam
Reach Prospects Competitors Miss,spam
confidence,spam
confidence,spam
LOOK TEN YRS YOUNGER and get paid for it ! lwl,spam
The Future of Continuing Education,spam
New.. Find out ANYTHING about ANYONE with your PC,spam
As Seen on National TV,spam
Make you look and feel 20 YEARS YOUNGER!18861,spam
Wait too long AND...             1147,spam
Chicago office base - without the office space? smbqt,spam
If You Own A Cell Phone......Please Read..... 26930,spam
FUTURE GOALS,spam
Defense Stocks -----> only Safe Bet in War Economy,spam
Obtain a diploma from your home/office !!!  swi,spam
Ultimate HGH: Make you look and feel 20 YEARS YOUNGER!26035,spam
SALES DOWN? ACCEPT CREDIT CARDS & TRIPLE THEM!              32604,spam
New... Find out ANYTHING about ANYONE from your computer,spam
Erections O-plenty Herbal Viagra,spam
BANNED CD! BANNED CD!,spam
re: domain registration savings,spam
pick up the phone,spam
!!Would you like to make more money NOW?,spam
ACCEPT CREDIT CARDS & TRIPLE YOUR SALES!!               7968,spam
Get The BEST PRICE on Your Next CAR!,spam
ok?????,spam
mortgage r us,spam
Clean your Bad Credit ONLINE?                      14010,spam
M o n e y   J u d g e m e n t s            NNROYKI,spam
Unlimited Cash Bonuses!,spam
Urgent Contact,spam
BIZ .INFO .COM for only $14.95 (5026HbTl0-754G@13),spam
Limited Time Offer!,spam
Get More Orders For Anything you Sell,spam
i know!!,spam
*-ADV-  LOWEST  MORTGAGE RATES IN AMERICA  - 8976-- NJOU7,spam
Increase your penis size 25% in 2 weeks!,spam
A little Investment Will  make you plenty 92-2,spam
BANNED CD! BANNED CD!,spam
,spam
Lowest Mortgage Rates Around,spam
Congratulations on Your 2 New Signups,spam
Complete Ordering Privacy4533,spam
hi 56281814119876554443333,spam
Re: Your Online Prescription Source                 N,spam
Fw: Offring Membership To 16 Sites For Life yyyy@netnoteinc.com aymou,spam
What dreams are made of!,spam
I saw your email 7272Gtnz8-338r-13,spam
yyyy claim the money you never knew you had,spam
Promote Your Business,spam
yyyyGROW YOUNG WITH HGH!,spam
Fw: Impress your friends with your new Diploma                 XDKOR,spam
The Inflation Fighter,spam
Increase sexual energy - Reduce body fat!16548,spam
What's more fun that having an orgasm?,spam
Customer LIVE incest video from Russia!,spam
No more need for a lift or support bra!1903,spam
Cell Phone Antenna Booster & Hands Free Headset,spam
Want to see the web sites they went to?,spam
adv: Win a Green Card and Become a U.S Citizen!,spam
Improved Health                      AEGJNGKJGW,spam
A Situation That Could Revolutionize the Health Care Industry,spam
Order Viagra Online - Safely & Securely              HNWGYI,spam
Mortgage Rates Are Down.                                                          8798QQLS4-526VcG-15,spam
Re: Does Your Bank Account Have Room For More Money?                         14249,spam
America's Most Liberal Lenders                                                        0137Cpnx4-448G-13,spam
[SA] =?big5?Q?Fw:=A7=DA=C4=B9=BF=FA=A4F?= 9iz5IOamknbO3ql9u1maoutC1cv,spam
[SA] High Returns Safe Investment! 20% Monthly!,spam
[SA] =?big5?Q?=BE=A5=A4=F4=A7X=A7=E5=B5o=B9q=A4l=B3=F8?=,spam
Toners and inkjet cartridges for less....          DTQAWN,spam
[SA] =?big5?Q?=BE=A5=A4=F4=A7X=A7=E5=B5o=B9q=A4l=B3=F8?=,spam
`*Mortgage Approved !!*`,spam
Never pay eBay listing fees again!,spam
"BidsToGo" is places to go things to do,spam
Personal Alcohol Detector,spam
Pru Life's UL Portfolio Rocks,spam
Complimentary Thermal Coffeemaker from Gevalia!,spam
TOP Legal advice.. for PENNIES a day!,spam
Employee Productivity in Tough Times,spam
RE: Surprise :-),spam
~~ 80 to 95% BELOW WHOLESALE              28534,spam
Hello rsharp2 ! You're a Winner,spam
Your Printer needs Ink,spam
A Guaranteed Check for you,spam
[SA] [Ginger] has sent you a webcam invitation!,spam
Are you a sanitary ware distributor?,spam
[ILUG] DEAL,spam
Free Adult Videos To: yyyy@netnoteinc.com ID: vtyp,spam
Herbal Viagra 30 day trial....                      S,spam
~`~ Increase Your Sales by 100%,spam
An alternative to MLM that WORKS,spam
Commissions Too High to Publish,spam
[WM] HOT BUISNESS OPPORTUNITY WANT TO MAKE MONEY?,spam
Free Adult DVDs. No purchase necessary... To: yyyy@netnoteinc.com ID: bju,spam
Increase Your Business Sales NOW     adv          ctk,spam
Increase Your Business Sales NOW     adv          mnbfa,spam
Proven way to get a job....,spam
2000 Year old bread recipe actually helps you lose weight!,spam
daveHi extra Low price inkjet cartridges joi,spam
ﵽvAwrY̨ο,spam
FREE ORIGINAL STAR WARS CARDS Adv:,spam
new extensions now only $14.95 (8551IaSm@8),spam
Lowest Mortgage Rates Around,spam
Legal herb anytime,spam
Legal herb anytime,spam
Re: Got Ink?              21846,spam
Day when dreams come true!,spam
Earn High Commissions for Booking Online,spam
[SA] Nice web page templates here. Check it out!,spam
A rare and wonderful email really!,spam
Lose 11 Pounds In 7 Days                   IML,spam
Raging Hard Erection Formula,spam
lOOKING FOR AGENT OF BATHTUB SALING,spam
You - the following ?,spam
[SA] Job Update,spam
Spam Alert Issue,spam
MORTGAGE INFORMATION FOR YOU!........,spam
$50000 Giveaway!,spam
[MLB-WIRELESS] CONTRALORIA Y GERENCIA ADMINISTRATIVA,spam
[ILUG] THE TRUTH OF INTERNET MARKETING--A REALISTIC WAY OF MARKETING,spam
Major Medical Breakthrough Huge Profit Potential,spam
URGENT REPLY.,spam
Get Debts Off Your Back    -      Time:5:38:50 AM,spam
Use your Computer to fix your Bad Credit.          9840,spam
Still paying too much for Life Insurance?...       U,spam
MusclesMoneyand Looks help-But Women want a Bigger Man                   IRBXIJ,spam
Enlargement Breakthrough                       ZIBDRZPAY,spam
96% Of Our Customers Increased Size By 1-3"             ZUMTIDU,spam
Easy Summer Income,spam
Repair your credit right online!           936,spam
Let get together when you get back,spam
Jm be your own private eye,spam
Re: Instant Quote,spam
[SA] EM1- Aren't we accorded equal opportunity already?,spam
Great prices on laser toner cartridges for printers copiers and faxes .... Guaranteed,spam
=?big5?Q?=B4M=A7=E4=BE=F7=B7|?=,spam
LOOKING FOR LEADERS IN YOUR AREA,spam
Fw: The Gold Buddha,spam
.* Mortgage Approved*,spam
[SA] Chuong trinh khuyen mai he 2002,spam
Save $30k even if you've refi'd                 3821,spam
Is Your Mortgage Payment too HIGH?? We Can Help!!,spam
!CLICK HERE! How to legally access criminal and other governmental records!,spam
Toners and inkjet cartridges for less....          T,spam
ADV: Direct email blaster email addresses extractor maillist verify maillist manager...........,spam
Best $50 I ever spent!,spam
You're Invited!,spam
Debt Consolidation,spam
21st Century Web Specialists                  JRGBM,spam
Re: Funny,spam
67% of Women Say They are Unhappy              CPBXQ,spam
[ILUG] BNIMANIE !!!,spam
[ILUG-Social] We want to trade with you,spam
RE: Public Notice Immune Support              25834,spam
:: Fast Acting Viagra,spam
The database that Bill Gates doesnt want you to know about!!!!!,spam
compare mortgage rate                  YLON,spam
eBay and Auction Info                30314,spam
Lose 16 Pounds In 10 Days GUARANTEED!!!            13365,spam
Online Credit RepairApproved by Bureaus!               24625,spam
Toners and inkjet cartridges for less.... RGCSOPMX,spam
We'll show you how to get in for FREE!,spam
ADV: Interest rates are DOWN!! ntbri,spam
Your Paycheck!,spam
A youthful and slim summer in 2002,spam
Top-Notch attorneys for PENNIES a day,spam
FREE Foreclosure Search Approved!,spam
Quick Cash!,spam
Phone service                                                                 2968ZuyW7-202zTVW0499-20,spam
Could be your last chance for savings,spam
Discover Platinum Clear Card New Clear Design!,spam
YOU WON A FREE PORN PASSWORD!!,spam
make $2550 extra this month,spam
Live 20 years longer with HGH,spam
domain names now only $14.95,spam
Say "Goodbye" to the 9-5 yhe,spam
It's just too small                    HLOY,spam
[WM] ADV: Direct email blaster email addresses extractor maillist verify maillist manager...........,spam
Save 70% on laser toner and inkjet cartridges!,spam
Mortgage Information For You!........,spam
The Mighty Pro Grill !                                                                                                                                ADV                                    2147PBQg-8,spam
200 Million Targeted Leads CD * ONLY $99.95 *,spam
[WM] ADV:  Direct email blaster email address extractor maillist manager maillist verify ............,spam
Borrow Money for any purpose!               GY,spam
[ILUG] What to do when the stock market is down 0179mFrP5-640z-13,spam
Custom Software Development Services Available Right Now..,spam
Your $1365 Welcome Bonus is waiting for You!!,spam
Undeliverable                  JPTJ,spam
Free moneyZDVIJO,spam
HIZLI & SINIRSIZ sex,spam
HIZLI & SINIRSIZ sex,spam
Set & Forget! Blast Your Ad Over 200 Million Leads & Growing Each Month Spam Fre,spam
Come on! It's fun and easy!!,spam
Are you a little behind the times?,spam
Friend Save 75% on Printer Ink!,spam
Copy DVD's to regular CD-R discs and watch on your DVD Player.d7l7,spam
* Promote Your E-Business,spam
You have nothing to loose anlt to gain-Get 220 Multi-Billion Stores.,spam
Real Drugs-Viagra and Phentrimine!,spam
YOU MAY WANT TO LOOK INTO FUNDING FROM GRANTS....,spam
35% Lifetime Renewals - Unbeatable Product!,spam
EXTREME COLON CLEANSER16704,spam
,spam
LOOK !  Y O U  are a W I N N E R  here !  -  Don't miss out  !  !                                6674,spam
LOOK !  Y O U  are a W I N N E R  here !  -  Don't miss out  !  !                                6113,spam
ADV: buyers sellers agents loans,spam
You've Won! Confirmation Number 567842,spam
Buy 1 get 2 FREE: Global Opportunity,spam
Increase Length And Thickness          OCW,spam
Does Financial Freedom Interest You?,spam
webmaster Moving?,spam
Keep porn free...,spam
Have skin like a model,spam
Fix Your credit Yourself ONLINE!!                 12678,spam
ALL FOR FREE!    CHECK OUT THESE 100% FREE ADULT SITES!!!,spam
ɽ췢Ͼؼ۱ѡ,spam
Greetings from Calif!,spam
Build a great future,spam
Friend Act FAST! Getting a CREDIT CARD is as easy as 123!,spam
* FREE Real Estate Info! *,spam
Honest Family Oriented Home based business with residual income on the net.  Get involved! anvx,spam
Free Adult DVDs. No purchase necessary... To: yyyy@netnoteinc.com ID: ksdk,spam
Re: Your love life             NWKFJ,spam
BANNED CD! BANNED CD!,spam
RE: Doctor Approved Pill                 LGW,spam
Buy 1 get 2 FREE: Global Opportunity,spam
BANNED CD! BANNED CD!,spam
.* Mortgage Approved!!*,spam
Hello hmlflk ! It's Time,spam
Your application is below. Expires July 27.,spam
Your application is below. Expires July 27.,spam
Get McAfee VirusScan for just $19.95! 60% Off!,spam
Copy any DVD Movie.f4y3,spam
WE HAVE MORTGAGE LENDERS READY TO HELP YOU!........,spam
Get EZ Internet Privacy for peace of mind.,spam
Herbal Viagra 30 day trial....              LMK,spam
Insight on the News Email Edition,spam
MSNBC: Rates Hit 18 year Low 4.75% ...26666,spam
ֻϢ¿ͶϢȺ,spam
Your application is below. Expires July 27.,spam
YOU MAY WANT TO LOOK INTO GRANTS.,spam
July 2002: Veuve Clicquot > SponsorRating >  X-Treme Sponsorship Alert > Tidbits > Special Offers > ...,spam
=?Big5?B?s8y3c6V4xles2aR1sNOmV7/9LTEtMTY3LQ==?=,spam
Telemarketers earn $250+ per lead uio,spam
July 2002: Veuve Clicquot > SponsorRating >  X-Treme Sponsorship Alert > Tidbits > Special Offers > ...,spam
Adv: Global Opportunity/Up To $53719 Per Month!                                          8741yt-6,spam
Life-Time upgrades for FREEq4i1i6p8,spam
Friend Get Help With Your Debt Now!!,spam
[ILUG] Love Pill Vaaa...i..g.. - Online Pharmacy No consultation fee mbnq,spam
Want to Make a million!!!!!!!!!!!!!!!!!!!!!!!!!!!!!!!!!!!!!!!!!!,spam
The database that Bill Gates doesnt want you to know about!!!!!,spam
SAVE UP TO 50% ON TONER PRINTER COPIER AND FAX CARTRIDGES,spam
Free Adult Videos To: yyyy@netnoteinc.com ID: wmcn,spam
Strictly Private.,spam
FW:>Re: Herbal Supplements only $24.99! Limited supply.                   NTZY,spam
SYSTEMWORKS CLEARANCE SALE_LIMITED QUANTITIES_ONLY $29.99 8785,spam
Learn the Secrets of Investing in Real Estate Today!,spam
REQUEST FOR ASSISTANCE,spam
REQUEST FOR ASSISTANCE,spam
Herbal Viagra 30 day trial....,spam
REQUEST FOR ASSISTANCE,spam
REQUEST FOR ASSISTANCE,spam
Double The Speed of Your Computer!,spam
LOOK !  Y O U  are a W I N N E R  here !  -  Don't miss out  !  !                                7504,spam
Hgh: safe and effective release of your own growth hormone!27103,spam
Lock in Your Clients' Gains!,spam
Friend Get this Cell Phone for Free!,spam
send REAL PAPER GREETING CARDS on-line!,spam
The database that Bill Gates doesnt want you to know about!!!!!,spam
Make thousands just sending emails.  It's easy.,spam
You're Paying Too Much,spam
ABѪͣһԸߣ롣,spam
Promote Your Business,spam
Re:,spam
attached data that can be stored for future use on a given computer,spam
VTGE   7/22/2002 10:24:24 PM,spam
New Version 7: Uncover the TRUTH about ANYONE!,spam
Get 250 full-color business cards FREE,spam
Your Commissions of $5000 per WEEK! ssva,spam
Your Vehicle Warranty               PFYEXHF,spam
Life Insurance Price Wars 8870Hgdg0-306fFSQ8613J-21,spam
INVITATION TO TREAT,spam
Friend  Meet over 1 million singles at Date.com,spam
[]ε ޾ƺ,spam
Get one million emails sent free for your company,spam
Bigger Fuller Breasts Naturally In Just Weeks.......                         mwnk,spam
Internet ve Para,spam
ADV: Search Engine Placement,spam
State of the art long distance                                                    7325ZMhY2-201HEQY5778-20,spam
Easy to make from $200000 every 7 months,spam
Great Health Benefits,spam
Juiceman II                 19819,spam
Online TV Deals                312,spam
Fw: Got Ink?            UJOLK,spam
live SEX SHOWS,spam
Marketing your business via the Internet,spam
Second Chance #5182,spam
why does your vehicle make that noise?                AAK,spam
Awiating your fax response.,spam
Awiating your fax response.,spam
Qualified Potential Clients For Your Industry,spam
Free Digital TV installed in 4 rooms.                       14599,spam
Assistance requested(Please Read).,spam
10 million fresh email addresses sent to you on CD for FREE!!! TRY BEFORE YOU BUY!!,spam
Penile enlarging without surgery !!,spam
The database that Bill Gates doesnt want you to know about!!!!!,spam
The database that Bill Gates doesnt want you to know about!!!!!,spam
The database that Bill Gates doesnt want you to know about!!!!!,spam
EARN MONEY AT HOME,spam
Toners and inkjet cartridges for less....          KYTAUZIRZPTF,spam
LazyTraders; LDT 342% Chatroom $455000 AI Stockpicks 348% this week.,spam
Maintenance Tracking/Scheduling Software $1495,spam
Maintenance Tracking/Scheduling Software $1495,spam
We are on the look-out for new partners such as you and your company,spam
Urgent Business,spam
Urgent Business,spam
Urgent Business,spam
The database that Bill Gates doesnt want you to know about!!!!!,spam
Printer Cartridges - Coupon - Save up to 80%,spam
Michael asked me to send this to you.,spam
Toners and inkjet cartridges for less....                     CUN,spam
=?Big5?B?ur+36qfZq/wtMi0xNDgt?=,spam
()Ż!!..Ÿ  ý,spam
Fw: Keep it under wraps but this one works a treat!             25031,spam
Toners and inkjet cartridges for less....          GHOE,spam
Earn Extra Income**,spam
Harvest lots of E-mail addresses quickly !,spam
Harvest lots of E-mail addresses quickly !,spam
Friend Great News from PetCareRx.com,spam
Ink Prices Got You Down?               SY,spam
Take Action Immediately or Miss Out.,spam
Harvest lots of E-mail addresses quickly !,spam
FIND ANYONE ANYWHERE ANYTHING,spam
9% Commission on MYG Annuities,spam
Cost-Effective MLM/Bizop Phone-Screened Leads,spam
Free $$$ For Business Or Personal cwfqt,spam
Repair your credit online!                 MNW,spam
Discover InfoByTel Today!,spam
Ultimate HGH: Make you look and feel 20 YEARS YOUNGER!15373,spam
=?big5?Q?=A4W=A6=B8=ACO=A7A=A7=E4=A7=DA=B6=DC=3F?=,spam
Profitable Business Relationship,spam
Profitable Business Relationship,spam
Harvest lots of E-mail addresses quickly !,spam
in under 1 minute - we can beat your current rate 38191297,spam
=?big5?Q?=B3o=ACO=A7A=A4W=A6=B8=ADn=AA=BA=AAF=A6=E8!?=,spam
Notification for Payment Received!,spam
Free Mortgage Quotes,spam
The Government grants you $25000!,spam
Hello katfish48 ! WOULD A GRANT HELP YOU?,spam
=?Big5?B?ur+36qfZq/wtMi0xNDgt?=,spam
=?Big5?B?ur+36qfZq/wtMi0xNDgt?=,spam
Free for you... qwof,spam
Fw: Keep it under wraps but this one works a treat!                   7595,spam
Hilarious Prank Call Service,spam
Harvest lots of E-mail addresses quickly !,spam
< Make $50000 in 90 Days Sending Emails at Home >,spam
Adult Photos Movies Chat Videos Cams Games and More. It's FREE...,spam
New Version 7: Uncover the TRUTH about ANYONE!,spam
Is your nest egg cracking? 2617iWcH6-263-12,spam
$ave money on your long distance conference calls,spam
Medical Break-Though In Cell Rejuvenation,spam
Cost-Effective MLM/Bizop Phone-Screened Leads,spam
Limited Time Offer For A FREE Membership!,spam
Never Pay eBay Fees Again!!!!,spam
Friend Companies are giving away FREE CARS!,spam
[scoop] BiLiYORUZ REKLAMA iHTiYACINIZ VAR! BUNUN iCiN BURADAYIZ.. 24.07.2002 15:57:41,spam
Your order#               5056,spam
Save up to 75% on Term Life...                  LEKOT,spam
PARTNERSHIP.,spam
Kime Oy Vereceksiniz ?,spam
Set & Forget! Blast Your Ad Over 200 Million Leads & Growing Each Month Spam Fre,spam
yyyyIntroducing HGH: The Most Powerful Anti-Obesity Drug Ever,spam
your help,spam
your help,spam
Free Term Life Insurance Quotes                 LGJDG,spam
Become an affiliate. Devenez site affili.,spam
I have your money,spam
$99 for 5 Nights in Magical Orlando with 2 Disney Tickets,spam
Save up to 50% on laser printer copier and fax cartridges.,spam
[]ǰ&ǰȭǰ,spam
none,spam
Refinance Your Existing Mortgage,spam
Long distance                                   1335Pv-6,spam
Free MP3 Player - Listen To Great Books!,spam
ISA Article on Embedded Real-Time Linux Automation Applications . gji,spam
Lose 28 Pounds In 10 Days                     30201,spam
Free New Cars for the Taking!,spam
#1 DIET PILL! LOSE 88 LB OR 8 SIZES SEE PROOF                    32349,spam
PhentermineXenicalViagra,spam
BOOST Your Cell Phone!,spam
Trading for a living (All you should know about FOREX),spam
Free Multi-Generational Sales Kit,spam
Fast Free Instant Life Insurance Quotes...              A,spam
Are your loved ones provided for?...               ZJGU,spam
TRADING INFORMATION,spam
100% FREE HARDCORE MEGASITE!!,spam
National Charity Suffering Since 9/11,spam
You're Paying Too Much,spam
Greetings from Calif!,spam
FREE e-Book Publishing Software - Download NOW!,spam
You Only THINK You're U.S. Citizen!!                                                              8403ZmSX2-110-12,spam
Cost-Effective MLM/Bizop Phone-Screened Leads,spam
=?ISO-8859-1?Q?Lose=20fat=2C=20gain=20muscle=20with=20HGH?=,spam
Summer Job Interviews. . . .,spam
RE: International Real Estate - Huge Commissions,spam
Watch your TEENS or the BabySitter....& GET RICH!,spam
Mp3 ve klipler,spam
Mp3 ve klipler,spam
PLEASE ASSISST.,spam
Hey wassup Remember me ;),spam
REPORT FOR TODAY,spam
. jif,spam
[WM] BiLiYORUZ REKLAMA iHTiYACINIZ VAR! BUNUN iCiN BURADAYIZ.. 25.07.2002 10:31:20,spam
FREE ONLINE TRADER TRAINING!,spam
Keep your private life private. EZ Internet Privacy,spam
EASILY Lose Weight / Build Muscle / Reverse Aging!21231,spam
Save up to 50% on laser printer copier and fax cartridges.,spam
Hi,spam
Fw: Re: User Name & Password to Membership To 15 Sites cpunks@minder.net pknkn,spam
Ez Internet Privacy is finally here,spam
Ez Internet Privacy is finally here,spam
The Government Grants You $25000!,spam
Lose 21 Pounds In 10 Days                25654,spam
Hey wassup Remember me ;),spam
Lowest Rates Available.                    gjannsxrwg,spam
(no subject),spam
7000  ַؼۣ,spam
[scoop] Muzik iste,spam
Copy DVD Movies to CD-R,spam
Toners and inkjet cartridges for less....          JRTX,spam
Never be tangled up in yard work again!,spam
Free Adult.. No Charges!,spam
Traders                   DQB,spam
Re: Without a Perscription - VIAGRA / PHENTERMINE / PROPECIA / ZYBAN yotgy,spam
()ż кƼ ʴմϴ,spam
LOOK!  Desparately Seeking 100 Lazy People....Who Wants To Make Money,spam
Married but lonely ?                                                                    7012AzYa1-040jxGt0341bxgg-24,spam
Fw: Re: Account For Lesbian Teen-Sex  foml,spam
I missed you                         24632,spam
Checking Account update,spam
Lower your company phone bill every month!,spam
Toners and inkjet cartridges for less....                   P,spam
College Coeds                         2915,spam
Horny?..Stop Paying for Porn - 12 Free Passes,spam
Hey :)                         9576,spam
HAWAI`I & ENENKIO KINGDOMS  AMERICANS SHAME !,spam
Who Do You Trust?,spam
Adult Passwords Here,spam
Find Out the Truth About Anyone!,spam
The Government Grants You $25000!,spam
Re: Magic Drugs: No Prescription Required                  IIWMJW,spam
Rape!!,spam
Make your prints beautiful & SAVE BIG!            14144,spam
Ink Prices Got You Down?                          25395,spam
Some of the largest membership sites for free,spam
RE: MEN & WOMEN TURBO BOOST YOUR DRIVE!           KVPB,spam
Your Shop web site is NOT being SEEN!,spam
Your Shop web site is NOT being SEEN!,spam
No Cost Out Of Pocket: REFI 5189ssQW0-729B-13,spam
Filter Film Capacitor,spam
Hello lsb36 ! PERSONAL PRIVACY IS JUST A CLICK AWAY,spam
Take your love life to the next level               ZIB,spam
Sickest Bitches.,spam
Is ANY of this stuff TRUE?!?!,spam
Bigger Fuller Breasts Naturally In Just Weeks! uqouq,spam
Are Your Mortgage Rates The Best They Can Be........ 0922LkVT8-113rFxd3342c-21,spam
Head & Rotor VE  07/26,spam
Head & Rotor VE  07/26,spam
[ILUG-Social] Head & Rotor VE  07/26,spam
[ILUG-Social] Head & Rotor VE  07/26,spam
The Ultimate in PC Security and Surveillance.,spam
Toners and inkjet cartridges for less....                    BBNF,spam
GREAT News for Men! NEW Breakthrough!,spam
forkHGH Liquid!  Lose Weight...Gain Muscle...Affordable Youth!,spam
Grants! No credit checks  No collateral!,spam
Your monthly LaXPress Adults Only Newsletter,spam
[ILUG] ilug-adminEnhance your Bust Amazing Breast Enhancing Capsules,spam
Next of kin needed?,spam
smut passes 331611865443,spam
yyyyNatural Bust - Amazing Breast Enhancing Capsules,spam
Outstanding Opportunities for "Premier Producers",spam
Toners and inkjet cartridges for less....          QDHP,spam
{i򰸹G     Life-Time upgrades for FREE guarantees6s2n2k6,spam
BIZ .INFO .COM for only $14.95,spam
Lowest Rates Available.                    edhhnjtvwx,spam
GREAT News for Men! NEW Breakthrough!,spam
Exception Error 583              FNQPTG,spam
=?GB2312?B?uOW8/qO60rDC+cWu09HPsru21tC5+r/huOc=?=,spam
bhgb,spam
Repair Your Credit LEGALLY and for FREE,spam
Get Big Ripped & Strong!! Deca D-BOL Winni-V!1095,spam
fast ship Viagra Phentermine etc...             RIYM,spam
NORTON SYSTEMWORKS CLEARANCE SALE!                9850,spam
Free Euro.,spam
Congratulations on Your 6 New Signups,spam
tombrandonBigger Fuller Breasts Naturally In Just Weeks,spam
300 Million Business & Consumer eMaiL AddRESSES on 3 CDs $ 99,spam
Tired Of Your High Mortgage Rate - REFINANCE TODAY....,spam
Your Grant request.,spam
YOU ARE A WINNER!!,spam
Latina Teens!!,spam
Telecom Consolidation Begins to Accelerate................... hrlb,spam
Bad Credit Breakthrough!!!               25735,spam
Money is available.,spam
Mortgage Rates Have Never Been Lower,spam
Start on your summer look now,spam
,spam
MORTGAGE LOANS WITH A 5.75% AVAILABLE!!!!!11284,spam
Hello !                                                                     097-3,spam
Delete your Bad Credit Online!                   1471,spam
WOMEN WITH CUM ON THEIR FACE!!!,spam
Re: Saving money - this is the plan for you        9018,spam
work from home. free info,spam
Call me on My Telephone Number 234-80-33357110,spam
[ILUG] Free Cell phone with any Plan!,spam
Retire Early -- Earn Easy Online Income,spam
Free Cell phone with any Plan!,spam
Hello !                                                                            8688sl-6,spam
Are you at risk? Get covered!...           CZFQNT,spam
Try It Free Before You  Buy!,spam
Save Money! Refinance Now!!! szfdk,spam
The Government grants you $25000!,spam
Fresh Crisp Leads from Allmerica Financial,spam
Easy 30-50% Return and here's how..... 4674ewSq2-759CS-14,spam
Custom Software Development Services Available Right Now..,spam
Herbal Viagra 30 day trial....                  XMXP,spam
Your Genealogy,spam
You're Paying Too Much,spam
LazyTraders: $449000 on Wednesday 1.1 Mil this week.,spam
Postal Mail Via Email - Anytime anywhere,spam
Clean your credit right from your computer!                  GN,spam
work from home. free info,spam
Weekly Stock Report vjf,spam
The Money Control System,spam
Free LTC "Sales Closers",spam
Amazing Trade Computer Deals,spam
ADV: Extended Auto Warranties Here                                                   tupdt,spam
Horny Wives,spam
Penis Enlargement Pills - 100% Guarantee Or Money Back,spam
Penis Enlargement Pills - 100% Guarantee Or Money Back,spam
The Stickiest Faces Ever!!!!,spam
GET OVER $500 CASH in 2 minutes!!!,spam
Your order                1963,spam
STAY HOME AND EARN MONEY,spam
Computer File Protection,spam
Computer File Protection,spam
Hello closr ! PERSONAL PRIVACY IS JUST A CLICK AWAY,spam
This product appeals to all DVD lovers 9959GLXz3-738HFdN8831kbee5--25,spam
Hassle-Free Microsoft SQL Server Remote Database Administration,spam
Congratulations! Here's Your Diploma!,spam
=?big5?Q?=A7A=A6b=B4M=A7=E4=BE=F7=B7|=B6=DC=3F=3F=A5=B4=B6}=A8=D3=AC=DD=AC=DD?=,spam
business intent,spam
Telecom Consolidation Begins to Accelerate.................... qsv,spam
** Your approval!,spam
ADV: buyers sellers agents loans,spam
ADV: buyers sellers agents loans,spam
Telecom Consolidation Begins to Accelerate.................... owwra,spam
HELP WANTED. WORK FROM HOME. FREE INFO,spam
DON'T LET A COMPUTER VIRUS RUIN YOUR DAY           32448,spam
Best Price on the netf5f8m1,spam
18cent long distance conference calls,spam
15 Ways to Collect on a Life Policy,spam
Time Share,spam
Sometimes not always I like the idea of a chick... with a horse...,spam
Online credit repair.Do it yourself.            24898,spam
Get the lowest possible interest rate for you--GUARANTEED.,spam
I thought it was important          YMF,spam
Adult Ads,spam
Time Share,spam
Clean up your act!,spam
Copy DVD's to regular CD-R discs and watch on your DVD Player.x1m5l2i4,spam
Clean your Bad Credit ONLINE?                  C,spam
Reduce Travel Costs,spam
WORK FROM HOME. FREE DETAILS.,spam
The Government grants you $25000!,spam
ADV: Interest rates slashed! Don't wait!                                                   gxlqg,spam
Get Your Own Great-Looking Website,spam
PROTECT YOUR COMPUTERYOU NEED SYSTEMWORKS2002! 18638,spam
HGH Myth --- Learn the Truth,spam
=?GB2312?B?uOW8/qO60rDC+cWu09FWU6G2xKe57dOi0++htw==?=,spam
An Innovative Plan for Today's Market,spam
Line?,spam
Collect Your Money! Time:12:13:18 AM,spam
your report ! ufhvv,spam
Fw: The money saving plan we spoke of              LQDDDQ,spam
ADV: 2002 China Wireless Congress - Oct. 15-17 2002,spam
The Best Policies for Less Than a Dollar a Day!,spam
Your Premier Mortgage Information Source,spam
$16.99 per 500000 verified email addresses,spam
[scoop] Gerek adres,spam
THE BEST INVESTMENTS,spam
Congratulations hpshum you've won!,spam
We are Slashing our Term Rates!,spam
Re: my pic,spam
FREE ORIGINAL STAR WARS CARS Adv:,spam
Entrepreneur,spam
ADV: Lowest life insurance rates available!                                                   acedl,spam
Fw: Re: royalmeds.com To: yyyy@netnoteinc.com OfferID: qpag,spam
Toners and inkjet cartridges for less....          GG,spam
HELP WANTED. WORK FROM HOME FREE INFO,spam
ONLINE LIVE STRIPTEASE FOR YOU,spam
HARDCORE SEX & ORGIES!!!,spam
please I need your assistance,spam
The Best Policies for Less Than a Dollar a Day!,spam
We BUY Your NEW & USED Magnetic Media or Backup Data Cartridges,spam
Meatdemons,spam
Bad Credit Breakthrough!!!                   6465,spam
75% REDUCTION IN ROAD ACCIDENTS,spam
Dialogue et Rencontre ? Rejoins nous !,spam
I never sent you this - keep it hush hush!  :)                XGAB,spam
Time Share,spam
Hello bevstar10,spam
Let Us "Show You the Money!",spam
want me on top? 189643322211,spam
we find yuo the lowest mortgage 562818141198765544433,spam
Toners and inkjet cartridges for less....               F,spam
Would you like a $250 check?,spam
yyyyFree 30 day supply of HGH- $49.95 value!,spam
Get your your license,spam
MAKE MONEY AT HOME,spam
Fw: 2 minutes to read what I have to say... p.s. & send it to yyyy@netnoteinc.com,spam
Call us now our stash is the best,spam
Call us now our stash is the best,spam
Safely Send Bulk Email Using your Cable or DSL,spam
=?big5?Q?=B3=D0=B7~=C2=E0=B7~=A4u=C5=AA=B7s=A6=E6=B7~=B6W=B0=D3=B3s=C2=EA=A5[=B7=F9?=,spam
Attn: Buying ink online is the way to go!           12083,spam
Re: new url,spam
.+. 80 to 95% BELOW WHOLESALE             2306,spam
EARN 10K PER WEEK with a NEW SYSTEM!                                   9652cYUh7-164RdH-15,spam
Fw: NORTON SYSTEMWORKS CLEARANCE SALE_ONLY $29.99!                    1104,spam
'Top Law firm,spam
Make some extra money fast Read how here it is real simple i am totaly serious,spam
DANIEL  KARGBO. fork !,spam
Custom Software Development Services Available Right Now..,spam
Special Investor update.,spam
Norton Systemworks 2002 Final Clearance            1093,spam
ADV: Extended Auto Warranties Here                                                   ldiop,spam
[ILUG-Social] Mortgage Rates Are Down.  isoxtjcn,spam
why does your vehicle make that noise?,spam
Mortgage Rates Have Never Been Lower,spam
The Best Policies for Less Than a Dollar a Day!,spam
fast ship Viagra Phentermine etc...              WK,spam
Try It Free Before You  Buy!,spam
Triple Your Index Annuity Sales,spam
OOPS!  Please Excuse My mistake!,spam
I have visited TAINT.ORG and noticed that ...,spam
ADV: Extended Auto Warranties Here                                                   qiakh,spam
Custom Software Development Services Available Right Now..,spam
Degrees Based On LIFE Experiences,spam
Herbal Viagra 30 day trial....            OV,spam
=?big5?Q?=A5x=C6W=A4H=A3x=A5i=A9=C8=A7A=AC=DD?=,spam
Business Proposal,spam
ADV: Harvest lots of E-mail addresses quickly !,spam
Re: new page,spam
Adv: Your road to FINANCIAL FREEDOM begins here!,spam
Beneficiary needed.,spam
FORD MOTOR SALUTES ARMED SERVICES - Please Review,spam
3.5% fixed payment 30 year loan,spam
hello,spam
[MLB-WIRELESS] ADV: Harvest lots of E-mail addresses quickly !,spam
YES $0.04 per day webhosting.                     17897,spam
Re: Money Issues                         OL,spam
When we say FREE WE MEAN FREE!,spam
Customer,spam
Work at Home,spam
STOP THE MLM INSANITY!,spam
Valuable Business Information Of China,spam
ADV: Interest rates slashed! Don't wait!                                                   dnjwn,spam
Brand New Premium Promotion,spam
be your own private eye online,spam
The last time you spent $25 did you make $100000s?  Nows your Chance!,spam
[scoop] Liseli kayit,spam
Blue horseshoe meet me,spam
>> Best rates on mortgage in the country! <,spam
Re: Money Issues              YGR,spam
I have visited WWW.TAINT.ORG and noticed that ...,spam
YOUR POWER SUPPLY IS KILLING YOUR ELECTRICAL EQUIPMENT,spam
hello,spam
=?big5?Q?=A6n=C5=A5=A3x=AD=B5=BC=D6=B0e=B5=B9=A7A?=,spam
=?big5?Q?=A6n=C5=A5=A3x=AD=B5=BC=D6=B0e=B5=B9=A7A?=,spam
Is Your Mortgage Payment Too High? Reduce It Now,spam
THIS IS A FREE OFFER!,spam
Attn: PROTECT YOUR COMPUTERYOU NEED SYSTEMWORKS2002!            19806,spam
[ILUG] Re: whats up -colonize,spam
9% Commission on MYG Annuities,spam
Fw: Keep it under wraps but this one works a treat!            ADGHRVIKMM,spam
LET'S STOP THE MLM INSANITY!,spam
Dirty Knickers n Lollipops,spam
Special Report! TiVo: Now or Never?,spam
Clean your credit right from your computer!        6486,spam
New Internet Service Provider,spam
Toners and inkjet cartridges for less....          BLOEEYS,spam
fortune 500 company hiring work from home,spam
Hello andrea_justice Free Teen Action!,spam
~BeautifulCustom Websites $359 Complete! (or yours re-designed) (6320cUmF1-704zRjD7955@20),spam
New Version 7: Uncover the TRUTH about ANYONE!,spam
MILFs that like to F-CK!!!,spam
Why the mortgage email?,spam
<><><> TOMORROWS WINNERS TODAY <><><>,spam
TOMORROW -- Password: Soleil -- TV Casting,spam
Publish Like a Professional,spam
discounted mortgage broker 1474322,spam
How about obtaining a fully recognized University Degree? 231175433222211111111,spam
ADV: Harvest lots of E-mail addresses quickly !,spam
-- USA Business Search CD --,spam
BIG NATURAL TITTIES!!!,spam
Mortgage Rates Are Down.  teoqknmp,spam
The Elite Equity Indexed U.L. Policy,spam
The Government Grants you $25000!,spam
Announcing Herbal Smoking Alternatives,spam
Toners and inkjet cartridges for less....          CTLOSJV,spam
Tired Of Your High Mortgage Rate - REFINANCE TODAY.....,spam
Hello lanigel Free Teen Action!,spam
** You're -Approved-! **,spam
ADV: Lowest life insurance rates available!                                                   irloq,spam
_Melhore sua segurana_,spam
Re: How are you?8456,spam
Need Sales & Leads we Can Help 1000 leads to 10 leads !!!!             27896,spam
911 Anniv Bush Memorial Bill for You,spam
Amateur teens go bad,spam
Norton Systemworks 2002 Pro Edition               12399,spam
China Motorcycle,spam
Dental Coverage For $6.95 Per Month,spam
[ILUG] FREE FREE FREE!,spam
Free Software! Games Movie Mp3 more free now!!! blwe,spam
Super Cool Monitor Deals!,spam
Selling Travel in Today's Economy,spam
HELP WANTED. WORK FROM HOME. FREE DETAILS,spam
BIG NATURAL TITIS!!!,spam
3.9 Cents With No Monthly Fees - Best Long Distance On the Net,spam
Web Pages Load 300% Faster without cable or DSL,spam
HELP WANTED. WORK FROM HOME. FREE INFO,spam
The best possible mortgage,spam
Don't Be a Victim protect your Laptop,spam
Herbal Viagra 30 day trial....                   FUXST,spam
RE: Own An Automated Shopping Mall                       32736,spam
[WM] (no subject),spam
Did you complete this?,spam
[ILUG] Prevent Work Monotony ilug,spam
Thanksgiving Sale,spam
Auto Protection,spam
Sitescooper: scoop websites onto your PalmPilot - Sitescooper,spam
Below Wholesale Prices on Name Brand Products,spam
Best Long Distance On the Net - 3.9 Cents With No Monthly Fees,spam
Prevent Employment Monotony yyyy,spam
yyyy Your computer can READ! ! !,spam
=?iso-8859-1?B?SXQnc6BUaW1loHRvoEludmVzdKB5b3VyoFdheQ==?=,spam
See a Horny Teen Girl Do a horse with a 31 inch C*ck it's FREE! -pkqolhil,spam
Webmaster ganhe dinheiro !!!,spam
spamassassin.taint.org,spam
THIS ONE WORKS,spam
hi,spam
Get 12 free Burgers + 1/2 Price Omaha Steaks!,spam
What your wife wants for Christmass,spam
Vary your interests!,spam
Reverse Aging While Burning Fat,spam
NEW STOCK PICK: OUR LAST ONE--PICK UP 300%.............................................................................................................................................................................................. aufd iuju,spam
ADV: Free Mortgage Rate Quote mbvod,spam
Busy? Home Study Makes Sense!,spam
Preferred Non-Smoker Rates for Smokers,spam
How to get 10000 FREE hits per day to any website,spam
Cannabis Difference,spam
[ILUG] WILSON  KAMELA,spam
